stdio    D         file_stdio.c:107  file_stdio_fopen                 [   0.00000] opening C:\Users\filip\source\repos\po1\PP2.PRO.1ID11A.BEDNARZ.BŁACH.BRZOZA\x64\Debug\allegro5.cfg r
system   D            wsystem.c:836  maybe_parent_dir                 [   0.00000] Also searching C:\Users\filip\source\repos\po1\PP2.PRO.1ID11A.BEDNARZ.BŁACH.BRZOZA\x64\
system   D            wsystem.c:891  _al_win_safe_load_library        [   0.00000] PathFindOnPath found: C:\WINDOWS\system32\shcore.dll
system   D            wsystem.c:797  load_library_at_path             [   0.00000] Calling LoadLibrary C:\WINDOWS\system32\shcore.dll
system   I            wsystem.c:800  load_library_at_path             [   0.00000] Loaded C:\WINDOWS\system32\shcore.dll
system   I             system.c:271  al_install_system                [   0.00000] Allegro version: 5.2.9
audio-dsound I           dsound.cpp:275  _dsound_open                     [   0.00240] Starting DirectSound...
audio-dsound D           dsound.cpp:288  _dsound_open                     [   0.04662] DirectSoundCreate8 succeeded
audio-dsound I           dsound.cpp:77   get_window                       [   0.04675] Using desktop window: 0000000000010010
audio    I              audio.c:391  do_install_audio                 [   0.04706] Using DirectSound driver
audio-dsound D           dsound.cpp:322  _dsound_allocate_voice           [   0.04752] Allocating voice
audio-dsound D           dsound.cpp:381  _dsound_allocate_voice           [   0.04763] Allocated voice
dtor     D               dtor.c:196  _al_register_destructor          [   0.04770] added dtor for voice 0000027929B84D80, func 00007FF90351116D
dtor     D               dtor.c:196  _al_register_destructor          [   0.04786] added dtor for mixer 0000027929BABA00, func 00007FF903511488
audio-dsound D           dsound.cpp:477  _dsound_start_voice              [   0.04798] Starting voice
audio-dsound D           dsound.cpp:505  _dsound_start_voice              [   0.04811] CreateSoundBuffer
audio-dsound D           dsound.cpp:513  _dsound_start_voice              [   0.05149] CreateSoundBuffer succeeded
audio-dsound D           dsound.cpp:519  _dsound_start_voice              [   0.05168] Starting _dsound_update thread
audio-dsound I           dsound.cpp:529  _dsound_start_voice              [   0.05278] Voice started
dtor     D               dtor.c:196  _al_register_destructor          [   0.05295] added dtor for sample_instance 0000027929BAC370, func 00007FF90351122B
audio    D          kcm_mixer.c:121  _al_rechannel_matrix             [   0.05322] sample matrix:
audio    D          kcm_mixer.c:127  _al_rechannel_matrix             [   0.05335] 
audio    D          kcm_mixer.c:127  _al_rechannel_matrix             [   0.05347] 
dtor     D               dtor.c:196  _al_register_destructor          [   0.05360] added dtor for sample_instance 0000027929BBD8C0, func 00007FF90351122B
audio    D          kcm_mixer.c:121  _al_rechannel_matrix             [   0.05374] sample matrix:
audio    D          kcm_mixer.c:127  _al_rechannel_matrix             [   0.05388] 
audio    D          kcm_mixer.c:127  _al_rechannel_matrix             [   0.05398] 
dtor     D               dtor.c:196  _al_register_destructor          [   0.05410] added dtor for sample_instance 0000027929BBEE50, func 00007FF90351122B
audio    D          kcm_mixer.c:121  _al_rechannel_matrix             [   0.05433] sample matrix:
audio    D          kcm_mixer.c:127  _al_rechannel_matrix             [   0.05447] 
audio    D          kcm_mixer.c:127  _al_rechannel_matrix             [   0.05458] 
dtor     D               dtor.c:196  _al_register_destructor          [   0.05474] added dtor for sample_instance 0000027929BC0580, func 00007FF90351122B
audio    D          kcm_mixer.c:121  _al_rechannel_matrix             [   0.05485] sample matrix:
audio    D          kcm_mixer.c:127  _al_rechannel_matrix             [   0.05498] 
audio    D          kcm_mixer.c:127  _al_rechannel_matrix             [   0.05510] 
system   D            wsystem.c:836  maybe_parent_dir                 [   0.05538] Also searching C:\Users\filip\source\repos\po1\PP2.PRO.1ID11A.BEDNARZ.BŁACH.BRZOZA\x64\
system   D            wsystem.c:891  _al_win_safe_load_library        [   0.05585] PathFindOnPath found: C:\WINDOWS\system32\d3d9.dll
system   D            wsystem.c:797  load_library_at_path             [   0.05597] Calling LoadLibrary C:\WINDOWS\system32\d3d9.dll
system   I            wsystem.c:800  load_library_at_path             [   0.06073] Loaded C:\WINDOWS\system32\d3d9.dll
d3d      I         d3d_disp.cpp:679  d3d_init_display                 [   0.10901] Render-to-texture: 1
d3d      I         d3d_disp.cpp:1780 d3d_create_display_locked        [   0.11177] faux_fullscreen=0
d3d      D         d3d_disp.cpp:1781 d3d_create_display_locked        [   0.11193] al_display=0000027929C28C30
d3d      D         d3d_disp.cpp:1782 d3d_create_display_locked        [   0.11210] al_display->vt=0000027929B8FAA0
d3d      I d3d_display_formats.cpp:144  _al_d3d_generate_display_format_list [   0.11924] found 288 format combinations
display  D   display_settings.c:214  debug_display_settings           [   0.11943] color: 32 (rgba 8880), depth: 0, stencil: 0, acc: 0000, samples: 0/0
display  D   display_settings.c:529  _al_score_display_settings       [   0.11960] Score is : 897
display  D   display_settings.c:214  debug_display_settings           [   0.11972] color: 32 (rgba 8880), depth: 0, stencil: 0, acc: 0000, samples: 0/0
display  D   display_settings.c:529  _al_score_display_settings       [   0.11984] Score is : 897
display  D   display_settings.c:214  debug_display_settings           [   0.11995] color: 32 (rgba 8880), depth: 0, stencil: 0, acc: 0000, samples: 2/1
display  D   display_settings.c:529  _al_score_display_settings       [   0.12007] Score is : 726
display  D   display_settings.c:214  debug_display_settings           [   0.12018] color: 32 (rgba 8880), depth: 0, stencil: 0, acc: 0000, samples: 3/1
display  D   display_settings.c:529  _al_score_display_settings       [   0.12029] Score is : 721
display  D   display_settings.c:214  debug_display_settings           [   0.12041] color: 32 (rgba 8880), depth: 0, stencil: 0, acc: 0000, samples: 4/1
display  D   display_settings.c:529  _al_score_display_settings       [   0.12054] Score is : 717
display  D   display_settings.c:214  debug_display_settings           [   0.12065] color: 32 (rgba 8880), depth: 0, stencil: 0, acc: 0000, samples: 5/1
display  D   display_settings.c:529  _al_score_display_settings       [   0.12075] Score is : 715
display  D   display_settings.c:214  debug_display_settings           [   0.12085] color: 32 (rgba 8880), depth: 0, stencil: 0, acc: 0000, samples: 6/1
display  D   display_settings.c:529  _al_score_display_settings       [   0.12096] Score is : 714
display  D   display_settings.c:214  debug_display_settings           [   0.12112] color: 32 (rgba 8880), depth: 0, stencil: 0, acc: 0000, samples: 7/1
display  D   display_settings.c:529  _al_score_display_settings       [   0.12123] Score is : 713
display  D   display_settings.c:214  debug_display_settings           [   0.12136] color: 32 (rgba 8880), depth: 0, stencil: 0, acc: 0000, samples: 8/1
display  D   display_settings.c:529  _al_score_display_settings       [   0.12149] Score is : 712
display  D   display_settings.c:214  debug_display_settings           [   0.12158] color: 32 (rgba 8880), depth: 24, stencil: 8, acc: 0000, samples: 0/0
display  D   display_settings.c:529  _al_score_display_settings       [   0.12168] Score is : 897
display  D   display_settings.c:214  debug_display_settings           [   0.12179] color: 32 (rgba 8880), depth: 24, stencil: 8, acc: 0000, samples: 0/0
display  D   display_settings.c:529  _al_score_display_settings       [   0.12189] Score is : 897
display  D   display_settings.c:214  debug_display_settings           [   0.12200] color: 32 (rgba 8880), depth: 24, stencil: 8, acc: 0000, samples: 2/1
display  D   display_settings.c:529  _al_score_display_settings       [   0.12210] Score is : 726
display  D   display_settings.c:214  debug_display_settings           [   0.12219] color: 32 (rgba 8880), depth: 24, stencil: 8, acc: 0000, samples: 3/1
display  D   display_settings.c:529  _al_score_display_settings       [   0.12229] Score is : 721
display  D   display_settings.c:214  debug_display_settings           [   0.12238] color: 32 (rgba 8880), depth: 24, stencil: 8, acc: 0000, samples: 4/1
display  D   display_settings.c:529  _al_score_display_settings       [   0.12249] Score is : 717
display  D   display_settings.c:214  debug_display_settings           [   0.12259] color: 32 (rgba 8880), depth: 24, stencil: 8, acc: 0000, samples: 5/1
display  D   display_settings.c:529  _al_score_display_settings       [   0.12269] Score is : 715
display  D   display_settings.c:214  debug_display_settings           [   0.12279] color: 32 (rgba 8880), depth: 24, stencil: 8, acc: 0000, samples: 6/1
display  D   display_settings.c:529  _al_score_display_settings       [   0.12291] Score is : 714
display  D   display_settings.c:214  debug_display_settings           [   0.12300] color: 32 (rgba 8880), depth: 24, stencil: 8, acc: 0000, samples: 7/1
display  D   display_settings.c:529  _al_score_display_settings       [   0.12310] Score is : 713
display  D   display_settings.c:214  debug_display_settings           [   0.12320] color: 32 (rgba 8880), depth: 24, stencil: 8, acc: 0000, samples: 8/1
display  D   display_settings.c:529  _al_score_display_settings       [   0.12331] Score is : 712
display  D   display_settings.c:214  debug_display_settings           [   0.12340] color: 32 (rgba 8880), depth: 24, stencil: 0, acc: 0000, samples: 0/0
display  D   display_settings.c:529  _al_score_display_settings       [   0.12353] Score is : 897
display  D   display_settings.c:214  debug_display_settings           [   0.12365] color: 32 (rgba 8880), depth: 24, stencil: 0, acc: 0000, samples: 0/0
display  D   display_settings.c:529  _al_score_display_settings       [   0.12376] Score is : 897
display  D   display_settings.c:214  debug_display_settings           [   0.12387] color: 32 (rgba 8880), depth: 24, stencil: 0, acc: 0000, samples: 2/1
display  D   display_settings.c:529  _al_score_display_settings       [   0.12398] Score is : 726
display  D   display_settings.c:214  debug_display_settings           [   0.12409] color: 32 (rgba 8880), depth: 24, stencil: 0, acc: 0000, samples: 3/1
display  D   display_settings.c:529  _al_score_display_settings       [   0.12422] Score is : 721
display  D   display_settings.c:214  debug_display_settings           [   0.12432] color: 32 (rgba 8880), depth: 24, stencil: 0, acc: 0000, samples: 4/1
display  D   display_settings.c:529  _al_score_display_settings       [   0.12443] Score is : 717
display  D   display_settings.c:214  debug_display_settings           [   0.12452] color: 32 (rgba 8880), depth: 24, stencil: 0, acc: 0000, samples: 5/1
display  D   display_settings.c:529  _al_score_display_settings       [   0.12463] Score is : 715
display  D   display_settings.c:214  debug_display_settings           [   0.12473] color: 32 (rgba 8880), depth: 24, stencil: 0, acc: 0000, samples: 6/1
display  D   display_settings.c:529  _al_score_display_settings       [   0.12485] Score is : 714
display  D   display_settings.c:214  debug_display_settings           [   0.12494] color: 32 (rgba 8880), depth: 24, stencil: 0, acc: 0000, samples: 7/1
display  D   display_settings.c:529  _al_score_display_settings       [   0.12507] Score is : 713
display  D   display_settings.c:214  debug_display_settings           [   0.12517] color: 32 (rgba 8880), depth: 24, stencil: 0, acc: 0000, samples: 8/1
display  D   display_settings.c:529  _al_score_display_settings       [   0.12528] Score is : 712
display  D   display_settings.c:214  debug_display_settings           [   0.12539] color: 32 (rgba 8880), depth: 16, stencil: 0, acc: 0000, samples: 0/0
display  D   display_settings.c:529  _al_score_display_settings       [   0.12550] Score is : 897
display  D   display_settings.c:214  debug_display_settings           [   0.12558] color: 32 (rgba 8880), depth: 16, stencil: 0, acc: 0000, samples: 0/0
display  D   display_settings.c:529  _al_score_display_settings       [   0.12568] Score is : 897
display  D   display_settings.c:214  debug_display_settings           [   0.12577] color: 32 (rgba 8880), depth: 16, stencil: 0, acc: 0000, samples: 2/1
display  D   display_settings.c:529  _al_score_display_settings       [   0.12589] Score is : 726
display  D   display_settings.c:214  debug_display_settings           [   0.12601] color: 32 (rgba 8880), depth: 16, stencil: 0, acc: 0000, samples: 3/1
display  D   display_settings.c:529  _al_score_display_settings       [   0.12612] Score is : 721
display  D   display_settings.c:214  debug_display_settings           [   0.12624] color: 32 (rgba 8880), depth: 16, stencil: 0, acc: 0000, samples: 4/1
display  D   display_settings.c:529  _al_score_display_settings       [   0.12636] Score is : 717
display  D   display_settings.c:214  debug_display_settings           [   0.12647] color: 32 (rgba 8880), depth: 16, stencil: 0, acc: 0000, samples: 5/1
display  D   display_settings.c:529  _al_score_display_settings       [   0.12657] Score is : 715
display  D   display_settings.c:214  debug_display_settings           [   0.12669] color: 32 (rgba 8880), depth: 16, stencil: 0, acc: 0000, samples: 6/1
display  D   display_settings.c:529  _al_score_display_settings       [   0.12681] Score is : 714
display  D   display_settings.c:214  debug_display_settings           [   0.12691] color: 32 (rgba 8880), depth: 16, stencil: 0, acc: 0000, samples: 7/1
display  D   display_settings.c:529  _al_score_display_settings       [   0.12703] Score is : 713
display  D   display_settings.c:214  debug_display_settings           [   0.12714] color: 32 (rgba 8880), depth: 16, stencil: 0, acc: 0000, samples: 8/1
display  D   display_settings.c:529  _al_score_display_settings       [   0.12724] Score is : 712
display  D   display_settings.c:214  debug_display_settings           [   0.12735] color: 16 (rgba 5650), depth: 0, stencil: 0, acc: 0000, samples: 0/0
display  D   display_settings.c:529  _al_score_display_settings       [   0.12745] Score is : 897
display  D   display_settings.c:214  debug_display_settings           [   0.12756] color: 16 (rgba 5650), depth: 0, stencil: 0, acc: 0000, samples: 0/0
display  D   display_settings.c:529  _al_score_display_settings       [   0.12769] Score is : 897
display  D   display_settings.c:214  debug_display_settings           [   0.12787] color: 16 (rgba 5650), depth: 0, stencil: 0, acc: 0000, samples: 2/1
display  D   display_settings.c:529  _al_score_display_settings       [   0.12820] Score is : 726
display  D   display_settings.c:214  debug_display_settings           [   0.12830] color: 16 (rgba 5650), depth: 0, stencil: 0, acc: 0000, samples: 3/1
display  D   display_settings.c:529  _al_score_display_settings       [   0.12845] Score is : 721
display  D   display_settings.c:214  debug_display_settings           [   0.12856] color: 16 (rgba 5650), depth: 0, stencil: 0, acc: 0000, samples: 4/1
display  D   display_settings.c:529  _al_score_display_settings       [   0.12870] Score is : 717
display  D   display_settings.c:214  debug_display_settings           [   0.12878] color: 16 (rgba 5650), depth: 0, stencil: 0, acc: 0000, samples: 5/1
display  D   display_settings.c:529  _al_score_display_settings       [   0.12889] Score is : 715
display  D   display_settings.c:214  debug_display_settings           [   0.12898] color: 16 (rgba 5650), depth: 0, stencil: 0, acc: 0000, samples: 6/1
display  D   display_settings.c:529  _al_score_display_settings       [   0.12908] Score is : 714
display  D   display_settings.c:214  debug_display_settings           [   0.12917] color: 16 (rgba 5650), depth: 0, stencil: 0, acc: 0000, samples: 7/1
display  D   display_settings.c:529  _al_score_display_settings       [   0.12930] Score is : 713
display  D   display_settings.c:214  debug_display_settings           [   0.12940] color: 16 (rgba 5650), depth: 0, stencil: 0, acc: 0000, samples: 8/1
display  D   display_settings.c:529  _al_score_display_settings       [   0.12959] Score is : 712
display  D   display_settings.c:214  debug_display_settings           [   0.12971] color: 16 (rgba 5650), depth: 24, stencil: 8, acc: 0000, samples: 0/0
display  D   display_settings.c:529  _al_score_display_settings       [   0.12995] Score is : 897
display  D   display_settings.c:214  debug_display_settings           [   0.13008] color: 16 (rgba 5650), depth: 24, stencil: 8, acc: 0000, samples: 0/0
display  D   display_settings.c:529  _al_score_display_settings       [   0.13021] Score is : 897
display  D   display_settings.c:214  debug_display_settings           [   0.13034] color: 16 (rgba 5650), depth: 24, stencil: 8, acc: 0000, samples: 2/1
display  D   display_settings.c:529  _al_score_display_settings       [   0.13046] Score is : 726
display  D   display_settings.c:214  debug_display_settings           [   0.13054] color: 16 (rgba 5650), depth: 24, stencil: 8, acc: 0000, samples: 3/1
display  D   display_settings.c:529  _al_score_display_settings       [   0.13062] Score is : 721
display  D   display_settings.c:214  debug_display_settings           [   0.13076] color: 16 (rgba 5650), depth: 24, stencil: 8, acc: 0000, samples: 4/1
display  D   display_settings.c:529  _al_score_display_settings       [   0.13089] Score is : 717
display  D   display_settings.c:214  debug_display_settings           [   0.13102] color: 16 (rgba 5650), depth: 24, stencil: 8, acc: 0000, samples: 5/1
display  D   display_settings.c:529  _al_score_display_settings       [   0.13116] Score is : 715
display  D   display_settings.c:214  debug_display_settings           [   0.13139] color: 16 (rgba 5650), depth: 24, stencil: 8, acc: 0000, samples: 6/1
display  D   display_settings.c:529  _al_score_display_settings       [   0.13150] Score is : 714
display  D   display_settings.c:214  debug_display_settings           [   0.13161] color: 16 (rgba 5650), depth: 24, stencil: 8, acc: 0000, samples: 7/1
display  D   display_settings.c:529  _al_score_display_settings       [   0.13174] Score is : 713
display  D   display_settings.c:214  debug_display_settings           [   0.13186] color: 16 (rgba 5650), depth: 24, stencil: 8, acc: 0000, samples: 8/1
display  D   display_settings.c:529  _al_score_display_settings       [   0.13199] Score is : 712
display  D   display_settings.c:214  debug_display_settings           [   0.13211] color: 16 (rgba 5650), depth: 24, stencil: 0, acc: 0000, samples: 0/0
display  D   display_settings.c:529  _al_score_display_settings       [   0.13223] Score is : 897
display  D   display_settings.c:214  debug_display_settings           [   0.13234] color: 16 (rgba 5650), depth: 24, stencil: 0, acc: 0000, samples: 0/0
display  D   display_settings.c:529  _al_score_display_settings       [   0.13243] Score is : 897
display  D   display_settings.c:214  debug_display_settings           [   0.13253] color: 16 (rgba 5650), depth: 24, stencil: 0, acc: 0000, samples: 2/1
display  D   display_settings.c:529  _al_score_display_settings       [   0.13265] Score is : 726
display  D   display_settings.c:214  debug_display_settings           [   0.13276] color: 16 (rgba 5650), depth: 24, stencil: 0, acc: 0000, samples: 3/1
display  D   display_settings.c:529  _al_score_display_settings       [   0.13286] Score is : 721
display  D   display_settings.c:214  debug_display_settings           [   0.13297] color: 16 (rgba 5650), depth: 24, stencil: 0, acc: 0000, samples: 4/1
display  D   display_settings.c:529  _al_score_display_settings       [   0.13309] Score is : 717
display  D   display_settings.c:214  debug_display_settings           [   0.13321] color: 16 (rgba 5650), depth: 24, stencil: 0, acc: 0000, samples: 5/1
display  D   display_settings.c:529  _al_score_display_settings       [   0.13334] Score is : 715
display  D   display_settings.c:214  debug_display_settings           [   0.13345] color: 16 (rgba 5650), depth: 24, stencil: 0, acc: 0000, samples: 6/1
display  D   display_settings.c:529  _al_score_display_settings       [   0.13359] Score is : 714
display  D   display_settings.c:214  debug_display_settings           [   0.13371] color: 16 (rgba 5650), depth: 24, stencil: 0, acc: 0000, samples: 7/1
display  D   display_settings.c:529  _al_score_display_settings       [   0.13385] Score is : 713
display  D   display_settings.c:214  debug_display_settings           [   0.13396] color: 16 (rgba 5650), depth: 24, stencil: 0, acc: 0000, samples: 8/1
display  D   display_settings.c:529  _al_score_display_settings       [   0.13408] Score is : 712
display  D   display_settings.c:214  debug_display_settings           [   0.13419] color: 16 (rgba 5650), depth: 16, stencil: 0, acc: 0000, samples: 0/0
display  D   display_settings.c:529  _al_score_display_settings       [   0.13429] Score is : 897
display  D   display_settings.c:214  debug_display_settings           [   0.13439] color: 16 (rgba 5650), depth: 16, stencil: 0, acc: 0000, samples: 0/0
display  D   display_settings.c:529  _al_score_display_settings       [   0.13449] Score is : 897
display  D   display_settings.c:214  debug_display_settings           [   0.13459] color: 16 (rgba 5650), depth: 16, stencil: 0, acc: 0000, samples: 2/1
display  D   display_settings.c:529  _al_score_display_settings       [   0.13474] Score is : 726
display  D   display_settings.c:214  debug_display_settings           [   0.13486] color: 16 (rgba 5650), depth: 16, stencil: 0, acc: 0000, samples: 3/1
display  D   display_settings.c:529  _al_score_display_settings       [   0.13499] Score is : 721
display  D   display_settings.c:214  debug_display_settings           [   0.13510] color: 16 (rgba 5650), depth: 16, stencil: 0, acc: 0000, samples: 4/1
display  D   display_settings.c:529  _al_score_display_settings       [   0.13523] Score is : 717
display  D   display_settings.c:214  debug_display_settings           [   0.13535] color: 16 (rgba 5650), depth: 16, stencil: 0, acc: 0000, samples: 5/1
display  D   display_settings.c:529  _al_score_display_settings       [   0.13546] Score is : 715
display  D   display_settings.c:214  debug_display_settings           [   0.13557] color: 16 (rgba 5650), depth: 16, stencil: 0, acc: 0000, samples: 6/1
display  D   display_settings.c:529  _al_score_display_settings       [   0.13569] Score is : 714
display  D   display_settings.c:214  debug_display_settings           [   0.13583] color: 16 (rgba 5650), depth: 16, stencil: 0, acc: 0000, samples: 7/1
display  D   display_settings.c:529  _al_score_display_settings       [   0.13593] Score is : 713
display  D   display_settings.c:214  debug_display_settings           [   0.13604] color: 16 (rgba 5650), depth: 16, stencil: 0, acc: 0000, samples: 8/1
display  D   display_settings.c:529  _al_score_display_settings       [   0.13615] Score is : 712
display  D   display_settings.c:214  debug_display_settings           [   0.13624] color: 32 (rgba 8880), depth: 0, stencil: 0, acc: 0000, samples: 0/0
display  D   display_settings.c:400  _al_score_display_settings       [   0.13634] Single Buffer requirement not met.
display  D   display_settings.c:214  debug_display_settings           [   0.13642] color: 32 (rgba 8880), depth: 0, stencil: 0, acc: 0000, samples: 0/0
display  D   display_settings.c:400  _al_score_display_settings       [   0.13651] Single Buffer requirement not met.
display  D   display_settings.c:214  debug_display_settings           [   0.13659] color: 32 (rgba 8880), depth: 0, stencil: 0, acc: 0000, samples: 2/1
display  D   display_settings.c:400  _al_score_display_settings       [   0.13668] Single Buffer requirement not met.
display  D   display_settings.c:214  debug_display_settings           [   0.13678] color: 32 (rgba 8880), depth: 0, stencil: 0, acc: 0000, samples: 3/1
display  D   display_settings.c:400  _al_score_display_settings       [   0.13689] Single Buffer requirement not met.
display  D   display_settings.c:214  debug_display_settings           [   0.13700] color: 32 (rgba 8880), depth: 0, stencil: 0, acc: 0000, samples: 4/1
display  D   display_settings.c:400  _al_score_display_settings       [   0.13712] Single Buffer requirement not met.
display  D   display_settings.c:214  debug_display_settings           [   0.13721] color: 32 (rgba 8880), depth: 0, stencil: 0, acc: 0000, samples: 5/1
display  D   display_settings.c:400  _al_score_display_settings       [   0.13732] Single Buffer requirement not met.
display  D   display_settings.c:214  debug_display_settings           [   0.13743] color: 32 (rgba 8880), depth: 0, stencil: 0, acc: 0000, samples: 6/1
display  D   display_settings.c:400  _al_score_display_settings       [   0.13754] Single Buffer requirement not met.
display  D   display_settings.c:214  debug_display_settings           [   0.13768] color: 32 (rgba 8880), depth: 0, stencil: 0, acc: 0000, samples: 7/1
display  D   display_settings.c:400  _al_score_display_settings       [   0.13780] Single Buffer requirement not met.
display  D   display_settings.c:214  debug_display_settings           [   0.13793] color: 32 (rgba 8880), depth: 0, stencil: 0, acc: 0000, samples: 8/1
display  D   display_settings.c:400  _al_score_display_settings       [   0.13806] Single Buffer requirement not met.
display  D   display_settings.c:214  debug_display_settings           [   0.13818] color: 32 (rgba 8880), depth: 24, stencil: 8, acc: 0000, samples: 0/0
display  D   display_settings.c:400  _al_score_display_settings       [   0.13832] Single Buffer requirement not met.
display  D   display_settings.c:214  debug_display_settings           [   0.13843] color: 32 (rgba 8880), depth: 24, stencil: 8, acc: 0000, samples: 0/0
display  D   display_settings.c:400  _al_score_display_settings       [   0.13858] Single Buffer requirement not met.
display  D   display_settings.c:214  debug_display_settings           [   0.13871] color: 32 (rgba 8880), depth: 24, stencil: 8, acc: 0000, samples: 2/1
display  D   display_settings.c:400  _al_score_display_settings       [   0.13882] Single Buffer requirement not met.
display  D   display_settings.c:214  debug_display_settings           [   0.13893] color: 32 (rgba 8880), depth: 24, stencil: 8, acc: 0000, samples: 3/1
display  D   display_settings.c:400  _al_score_display_settings       [   0.13905] Single Buffer requirement not met.
display  D   display_settings.c:214  debug_display_settings           [   0.13917] color: 32 (rgba 8880), depth: 24, stencil: 8, acc: 0000, samples: 4/1
display  D   display_settings.c:400  _al_score_display_settings       [   0.13928] Single Buffer requirement not met.
display  D   display_settings.c:214  debug_display_settings           [   0.13939] color: 32 (rgba 8880), depth: 24, stencil: 8, acc: 0000, samples: 5/1
display  D   display_settings.c:400  _al_score_display_settings       [   0.13949] Single Buffer requirement not met.
display  D   display_settings.c:214  debug_display_settings           [   0.13957] color: 32 (rgba 8880), depth: 24, stencil: 8, acc: 0000, samples: 6/1
display  D   display_settings.c:400  _al_score_display_settings       [   0.13966] Single Buffer requirement not met.
display  D   display_settings.c:214  debug_display_settings           [   0.13977] color: 32 (rgba 8880), depth: 24, stencil: 8, acc: 0000, samples: 7/1
display  D   display_settings.c:400  _al_score_display_settings       [   0.13991] Single Buffer requirement not met.
display  D   display_settings.c:214  debug_display_settings           [   0.14009] color: 32 (rgba 8880), depth: 24, stencil: 8, acc: 0000, samples: 8/1
display  D   display_settings.c:400  _al_score_display_settings       [   0.14020] Single Buffer requirement not met.
display  D   display_settings.c:214  debug_display_settings           [   0.14032] color: 32 (rgba 8880), depth: 24, stencil: 0, acc: 0000, samples: 0/0
display  D   display_settings.c:400  _al_score_display_settings       [   0.14046] Single Buffer requirement not met.
display  D   display_settings.c:214  debug_display_settings           [   0.14058] color: 32 (rgba 8880), depth: 24, stencil: 0, acc: 0000, samples: 0/0
display  D   display_settings.c:400  _al_score_display_settings       [   0.14072] Single Buffer requirement not met.
display  D   display_settings.c:214  debug_display_settings           [   0.14085] color: 32 (rgba 8880), depth: 24, stencil: 0, acc: 0000, samples: 2/1
display  D   display_settings.c:400  _al_score_display_settings       [   0.14098] Single Buffer requirement not met.
display  D   display_settings.c:214  debug_display_settings           [   0.14110] color: 32 (rgba 8880), depth: 24, stencil: 0, acc: 0000, samples: 3/1
display  D   display_settings.c:400  _al_score_display_settings       [   0.14124] Single Buffer requirement not met.
display  D   display_settings.c:214  debug_display_settings           [   0.14136] color: 32 (rgba 8880), depth: 24, stencil: 0, acc: 0000, samples: 4/1
display  D   display_settings.c:400  _al_score_display_settings       [   0.14147] Single Buffer requirement not met.
display  D   display_settings.c:214  debug_display_settings           [   0.14156] color: 32 (rgba 8880), depth: 24, stencil: 0, acc: 0000, samples: 5/1
display  D   display_settings.c:400  _al_score_display_settings       [   0.14165] Single Buffer requirement not met.
display  D   display_settings.c:214  debug_display_settings           [   0.14174] color: 32 (rgba 8880), depth: 24, stencil: 0, acc: 0000, samples: 6/1
display  D   display_settings.c:400  _al_score_display_settings       [   0.14184] Single Buffer requirement not met.
display  D   display_settings.c:214  debug_display_settings           [   0.14192] color: 32 (rgba 8880), depth: 24, stencil: 0, acc: 0000, samples: 7/1
display  D   display_settings.c:400  _al_score_display_settings       [   0.14201] Single Buffer requirement not met.
display  D   display_settings.c:214  debug_display_settings           [   0.14210] color: 32 (rgba 8880), depth: 24, stencil: 0, acc: 0000, samples: 8/1
display  D   display_settings.c:400  _al_score_display_settings       [   0.14222] Single Buffer requirement not met.
display  D   display_settings.c:214  debug_display_settings           [   0.14233] color: 32 (rgba 8880), depth: 16, stencil: 0, acc: 0000, samples: 0/0
display  D   display_settings.c:400  _al_score_display_settings       [   0.14247] Single Buffer requirement not met.
display  D   display_settings.c:214  debug_display_settings           [   0.14259] color: 32 (rgba 8880), depth: 16, stencil: 0, acc: 0000, samples: 0/0
display  D   display_settings.c:400  _al_score_display_settings       [   0.14273] Single Buffer requirement not met.
display  D   display_settings.c:214  debug_display_settings           [   0.14284] color: 32 (rgba 8880), depth: 16, stencil: 0, acc: 0000, samples: 2/1
display  D   display_settings.c:400  _al_score_display_settings       [   0.14297] Single Buffer requirement not met.
display  D   display_settings.c:214  debug_display_settings           [   0.14307] color: 32 (rgba 8880), depth: 16, stencil: 0, acc: 0000, samples: 3/1
display  D   display_settings.c:400  _al_score_display_settings       [   0.14319] Single Buffer requirement not met.
display  D   display_settings.c:214  debug_display_settings           [   0.14331] color: 32 (rgba 8880), depth: 16, stencil: 0, acc: 0000, samples: 4/1
display  D   display_settings.c:400  _al_score_display_settings       [   0.14346] Single Buffer requirement not met.
display  D   display_settings.c:214  debug_display_settings           [   0.14360] color: 32 (rgba 8880), depth: 16, stencil: 0, acc: 0000, samples: 5/1
display  D   display_settings.c:400  _al_score_display_settings       [   0.14373] Single Buffer requirement not met.
display  D   display_settings.c:214  debug_display_settings           [   0.14385] color: 32 (rgba 8880), depth: 16, stencil: 0, acc: 0000, samples: 6/1
display  D   display_settings.c:400  _al_score_display_settings       [   0.14398] Single Buffer requirement not met.
display  D   display_settings.c:214  debug_display_settings           [   0.14410] color: 32 (rgba 8880), depth: 16, stencil: 0, acc: 0000, samples: 7/1
display  D   display_settings.c:400  _al_score_display_settings       [   0.14428] Single Buffer requirement not met.
display  D   display_settings.c:214  debug_display_settings           [   0.14442] color: 32 (rgba 8880), depth: 16, stencil: 0, acc: 0000, samples: 8/1
display  D   display_settings.c:400  _al_score_display_settings       [   0.14456] Single Buffer requirement not met.
display  D   display_settings.c:214  debug_display_settings           [   0.14468] color: 16 (rgba 5650), depth: 0, stencil: 0, acc: 0000, samples: 0/0
display  D   display_settings.c:400  _al_score_display_settings       [   0.14480] Single Buffer requirement not met.
display  D   display_settings.c:214  debug_display_settings           [   0.14489] color: 16 (rgba 5650), depth: 0, stencil: 0, acc: 0000, samples: 0/0
display  D   display_settings.c:400  _al_score_display_settings       [   0.14500] Single Buffer requirement not met.
display  D   display_settings.c:214  debug_display_settings           [   0.14510] color: 16 (rgba 5650), depth: 0, stencil: 0, acc: 0000, samples: 2/1
display  D   display_settings.c:400  _al_score_display_settings       [   0.14522] Single Buffer requirement not met.
display  D   display_settings.c:214  debug_display_settings           [   0.14533] color: 16 (rgba 5650), depth: 0, stencil: 0, acc: 0000, samples: 3/1
display  D   display_settings.c:400  _al_score_display_settings       [   0.14545] Single Buffer requirement not met.
display  D   display_settings.c:214  debug_display_settings           [   0.14557] color: 16 (rgba 5650), depth: 0, stencil: 0, acc: 0000, samples: 4/1
display  D   display_settings.c:400  _al_score_display_settings       [   0.14570] Single Buffer requirement not met.
display  D   display_settings.c:214  debug_display_settings           [   0.14583] color: 16 (rgba 5650), depth: 0, stencil: 0, acc: 0000, samples: 5/1
display  D   display_settings.c:400  _al_score_display_settings       [   0.14592] Single Buffer requirement not met.
display  D   display_settings.c:214  debug_display_settings           [   0.14603] color: 16 (rgba 5650), depth: 0, stencil: 0, acc: 0000, samples: 6/1
display  D   display_settings.c:400  _al_score_display_settings       [   0.14617] Single Buffer requirement not met.
display  D   display_settings.c:214  debug_display_settings           [   0.14628] color: 16 (rgba 5650), depth: 0, stencil: 0, acc: 0000, samples: 7/1
display  D   display_settings.c:400  _al_score_display_settings       [   0.14637] Single Buffer requirement not met.
display  D   display_settings.c:214  debug_display_settings           [   0.14757] color: 16 (rgba 5650), depth: 0, stencil: 0, acc: 0000, samples: 8/1
display  D   display_settings.c:400  _al_score_display_settings       [   0.14775] Single Buffer requirement not met.
display  D   display_settings.c:214  debug_display_settings           [   0.14789] color: 16 (rgba 5650), depth: 24, stencil: 8, acc: 0000, samples: 0/0
display  D   display_settings.c:400  _al_score_display_settings       [   0.14803] Single Buffer requirement not met.
display  D   display_settings.c:214  debug_display_settings           [   0.14816] color: 16 (rgba 5650), depth: 24, stencil: 8, acc: 0000, samples: 0/0
display  D   display_settings.c:400  _al_score_display_settings       [   0.14826] Single Buffer requirement not met.
display  D   display_settings.c:214  debug_display_settings           [   0.14838] color: 16 (rgba 5650), depth: 24, stencil: 8, acc: 0000, samples: 2/1
display  D   display_settings.c:400  _al_score_display_settings       [   0.14851] Single Buffer requirement not met.
display  D   display_settings.c:214  debug_display_settings           [   0.14862] color: 16 (rgba 5650), depth: 24, stencil: 8, acc: 0000, samples: 3/1
display  D   display_settings.c:400  _al_score_display_settings       [   0.14874] Single Buffer requirement not met.
display  D   display_settings.c:214  debug_display_settings           [   0.14888] color: 16 (rgba 5650), depth: 24, stencil: 8, acc: 0000, samples: 4/1
display  D   display_settings.c:400  _al_score_display_settings       [   0.14904] Single Buffer requirement not met.
display  D   display_settings.c:214  debug_display_settings           [   0.14915] color: 16 (rgba 5650), depth: 24, stencil: 8, acc: 0000, samples: 5/1
display  D   display_settings.c:400  _al_score_display_settings       [   0.14926] Single Buffer requirement not met.
display  D   display_settings.c:214  debug_display_settings           [   0.14937] color: 16 (rgba 5650), depth: 24, stencil: 8, acc: 0000, samples: 6/1
display  D   display_settings.c:400  _al_score_display_settings       [   0.14949] Single Buffer requirement not met.
display  D   display_settings.c:214  debug_display_settings           [   0.14959] color: 16 (rgba 5650), depth: 24, stencil: 8, acc: 0000, samples: 7/1
display  D   display_settings.c:400  _al_score_display_settings       [   0.14969] Single Buffer requirement not met.
display  D   display_settings.c:214  debug_display_settings           [   0.14978] color: 16 (rgba 5650), depth: 24, stencil: 8, acc: 0000, samples: 8/1
display  D   display_settings.c:400  _al_score_display_settings       [   0.14987] Single Buffer requirement not met.
display  D   display_settings.c:214  debug_display_settings           [   0.14996] color: 16 (rgba 5650), depth: 24, stencil: 0, acc: 0000, samples: 0/0
display  D   display_settings.c:400  _al_score_display_settings       [   0.15006] Single Buffer requirement not met.
display  D   display_settings.c:214  debug_display_settings           [   0.15016] color: 16 (rgba 5650), depth: 24, stencil: 0, acc: 0000, samples: 0/0
display  D   display_settings.c:400  _al_score_display_settings       [   0.15026] Single Buffer requirement not met.
display  D   display_settings.c:214  debug_display_settings           [   0.15035] color: 16 (rgba 5650), depth: 24, stencil: 0, acc: 0000, samples: 2/1
display  D   display_settings.c:400  _al_score_display_settings       [   0.15047] Single Buffer requirement not met.
display  D   display_settings.c:214  debug_display_settings           [   0.15061] color: 16 (rgba 5650), depth: 24, stencil: 0, acc: 0000, samples: 3/1
display  D   display_settings.c:400  _al_score_display_settings       [   0.15071] Single Buffer requirement not met.
display  D   display_settings.c:214  debug_display_settings           [   0.15082] color: 16 (rgba 5650), depth: 24, stencil: 0, acc: 0000, samples: 4/1
display  D   display_settings.c:400  _al_score_display_settings       [   0.15093] Single Buffer requirement not met.
display  D   display_settings.c:214  debug_display_settings           [   0.15103] color: 16 (rgba 5650), depth: 24, stencil: 0, acc: 0000, samples: 5/1
display  D   display_settings.c:400  _al_score_display_settings       [   0.15113] Single Buffer requirement not met.
display  D   display_settings.c:214  debug_display_settings           [   0.15121] color: 16 (rgba 5650), depth: 24, stencil: 0, acc: 0000, samples: 6/1
display  D   display_settings.c:400  _al_score_display_settings       [   0.15133] Single Buffer requirement not met.
display  D   display_settings.c:214  debug_display_settings           [   0.15146] color: 16 (rgba 5650), depth: 24, stencil: 0, acc: 0000, samples: 7/1
display  D   display_settings.c:400  _al_score_display_settings       [   0.15158] Single Buffer requirement not met.
display  D   display_settings.c:214  debug_display_settings           [   0.15170] color: 16 (rgba 5650), depth: 24, stencil: 0, acc: 0000, samples: 8/1
display  D   display_settings.c:400  _al_score_display_settings       [   0.15182] Single Buffer requirement not met.
display  D   display_settings.c:214  debug_display_settings           [   0.15191] color: 16 (rgba 5650), depth: 16, stencil: 0, acc: 0000, samples: 0/0
display  D   display_settings.c:400  _al_score_display_settings       [   0.15199] Single Buffer requirement not met.
display  D   display_settings.c:214  debug_display_settings           [   0.15209] color: 16 (rgba 5650), depth: 16, stencil: 0, acc: 0000, samples: 0/0
display  D   display_settings.c:400  _al_score_display_settings       [   0.15221] Single Buffer requirement not met.
display  D   display_settings.c:214  debug_display_settings           [   0.15230] color: 16 (rgba 5650), depth: 16, stencil: 0, acc: 0000, samples: 2/1
display  D   display_settings.c:400  _al_score_display_settings       [   0.15240] Single Buffer requirement not met.
display  D   display_settings.c:214  debug_display_settings           [   0.15250] color: 16 (rgba 5650), depth: 16, stencil: 0, acc: 0000, samples: 3/1
display  D   display_settings.c:400  _al_score_display_settings       [   0.15262] Single Buffer requirement not met.
display  D   display_settings.c:214  debug_display_settings           [   0.15276] color: 16 (rgba 5650), depth: 16, stencil: 0, acc: 0000, samples: 4/1
display  D   display_settings.c:400  _al_score_display_settings       [   0.15288] Single Buffer requirement not met.
display  D   display_settings.c:214  debug_display_settings           [   0.15297] color: 16 (rgba 5650), depth: 16, stencil: 0, acc: 0000, samples: 5/1
display  D   display_settings.c:400  _al_score_display_settings       [   0.15307] Single Buffer requirement not met.
display  D   display_settings.c:214  debug_display_settings           [   0.15315] color: 16 (rgba 5650), depth: 16, stencil: 0, acc: 0000, samples: 6/1
display  D   display_settings.c:400  _al_score_display_settings       [   0.15324] Single Buffer requirement not met.
display  D   display_settings.c:214  debug_display_settings           [   0.15333] color: 16 (rgba 5650), depth: 16, stencil: 0, acc: 0000, samples: 7/1
display  D   display_settings.c:400  _al_score_display_settings       [   0.15342] Single Buffer requirement not met.
display  D   display_settings.c:214  debug_display_settings           [   0.15353] color: 16 (rgba 5650), depth: 16, stencil: 0, acc: 0000, samples: 8/1
display  D   display_settings.c:400  _al_score_display_settings       [   0.15364] Single Buffer requirement not met.
display  D   display_settings.c:214  debug_display_settings           [   0.15378] color: 32 (rgba 8880), depth: 0, stencil: 0, acc: 0000, samples: 0/0
display  D   display_settings.c:529  _al_score_display_settings       [   0.15389] Score is : 769
display  D   display_settings.c:214  debug_display_settings           [   0.15400] color: 32 (rgba 8880), depth: 0, stencil: 0, acc: 0000, samples: 0/0
display  D   display_settings.c:529  _al_score_display_settings       [   0.15409] Score is : 769
display  D   display_settings.c:214  debug_display_settings           [   0.15418] color: 32 (rgba 8880), depth: 0, stencil: 0, acc: 0000, samples: 2/1
display  D   display_settings.c:529  _al_score_display_settings       [   0.15428] Score is : 598
display  D   display_settings.c:214  debug_display_settings           [   0.15437] color: 32 (rgba 8880), depth: 0, stencil: 0, acc: 0000, samples: 3/1
display  D   display_settings.c:529  _al_score_display_settings       [   0.15446] Score is : 593
display  D   display_settings.c:214  debug_display_settings           [   0.15456] color: 32 (rgba 8880), depth: 0, stencil: 0, acc: 0000, samples: 4/1
display  D   display_settings.c:529  _al_score_display_settings       [   0.15466] Score is : 589
display  D   display_settings.c:214  debug_display_settings           [   0.15476] color: 32 (rgba 8880), depth: 0, stencil: 0, acc: 0000, samples: 5/1
display  D   display_settings.c:529  _al_score_display_settings       [   0.15487] Score is : 587
display  D   display_settings.c:214  debug_display_settings           [   0.15496] color: 32 (rgba 8880), depth: 0, stencil: 0, acc: 0000, samples: 6/1
display  D   display_settings.c:529  _al_score_display_settings       [   0.15508] Score is : 586
display  D   display_settings.c:214  debug_display_settings           [   0.15518] color: 32 (rgba 8880), depth: 0, stencil: 0, acc: 0000, samples: 7/1
display  D   display_settings.c:529  _al_score_display_settings       [   0.15529] Score is : 585
display  D   display_settings.c:214  debug_display_settings           [   0.15540] color: 32 (rgba 8880), depth: 0, stencil: 0, acc: 0000, samples: 8/1
display  D   display_settings.c:529  _al_score_display_settings       [   0.15554] Score is : 584
display  D   display_settings.c:214  debug_display_settings           [   0.15567] color: 32 (rgba 8880), depth: 24, stencil: 8, acc: 0000, samples: 0/0
display  D   display_settings.c:529  _al_score_display_settings       [   0.15578] Score is : 769
display  D   display_settings.c:214  debug_display_settings           [   0.15591] color: 32 (rgba 8880), depth: 24, stencil: 8, acc: 0000, samples: 0/0
display  D   display_settings.c:529  _al_score_display_settings       [   0.15601] Score is : 769
display  D   display_settings.c:214  debug_display_settings           [   0.15610] color: 32 (rgba 8880), depth: 24, stencil: 8, acc: 0000, samples: 2/1
display  D   display_settings.c:529  _al_score_display_settings       [   0.15621] Score is : 598
display  D   display_settings.c:214  debug_display_settings           [   0.15630] color: 32 (rgba 8880), depth: 24, stencil: 8, acc: 0000, samples: 3/1
display  D   display_settings.c:529  _al_score_display_settings       [   0.15642] Score is : 593
display  D   display_settings.c:214  debug_display_settings           [   0.15652] color: 32 (rgba 8880), depth: 24, stencil: 8, acc: 0000, samples: 4/1
display  D   display_settings.c:529  _al_score_display_settings       [   0.15663] Score is : 589
display  D   display_settings.c:214  debug_display_settings           [   0.15673] color: 32 (rgba 8880), depth: 24, stencil: 8, acc: 0000, samples: 5/1
display  D   display_settings.c:529  _al_score_display_settings       [   0.15682] Score is : 587
display  D   display_settings.c:214  debug_display_settings           [   0.15693] color: 32 (rgba 8880), depth: 24, stencil: 8, acc: 0000, samples: 6/1
display  D   display_settings.c:529  _al_score_display_settings       [   0.15703] Score is : 586
display  D   display_settings.c:214  debug_display_settings           [   0.15712] color: 32 (rgba 8880), depth: 24, stencil: 8, acc: 0000, samples: 7/1
display  D   display_settings.c:529  _al_score_display_settings       [   0.15723] Score is : 585
display  D   display_settings.c:214  debug_display_settings           [   0.15734] color: 32 (rgba 8880), depth: 24, stencil: 8, acc: 0000, samples: 8/1
display  D   display_settings.c:529  _al_score_display_settings       [   0.15745] Score is : 584
display  D   display_settings.c:214  debug_display_settings           [   0.15754] color: 32 (rgba 8880), depth: 24, stencil: 0, acc: 0000, samples: 0/0
display  D   display_settings.c:529  _al_score_display_settings       [   0.15764] Score is : 769
display  D   display_settings.c:214  debug_display_settings           [   0.15776] color: 32 (rgba 8880), depth: 24, stencil: 0, acc: 0000, samples: 0/0
display  D   display_settings.c:529  _al_score_display_settings       [   0.15785] Score is : 769
display  D   display_settings.c:214  debug_display_settings           [   0.15795] color: 32 (rgba 8880), depth: 24, stencil: 0, acc: 0000, samples: 2/1
display  D   display_settings.c:529  _al_score_display_settings       [   0.15808] Score is : 598
display  D   display_settings.c:214  debug_display_settings           [   0.15820] color: 32 (rgba 8880), depth: 24, stencil: 0, acc: 0000, samples: 3/1
display  D   display_settings.c:529  _al_score_display_settings       [   0.15833] Score is : 593
display  D   display_settings.c:214  debug_display_settings           [   0.15845] color: 32 (rgba 8880), depth: 24, stencil: 0, acc: 0000, samples: 4/1
display  D   display_settings.c:529  _al_score_display_settings       [   0.15857] Score is : 589
display  D   display_settings.c:214  debug_display_settings           [   0.15868] color: 32 (rgba 8880), depth: 24, stencil: 0, acc: 0000, samples: 5/1
display  D   display_settings.c:529  _al_score_display_settings       [   0.15878] Score is : 587
display  D   display_settings.c:214  debug_display_settings           [   0.15888] color: 32 (rgba 8880), depth: 24, stencil: 0, acc: 0000, samples: 6/1
display  D   display_settings.c:529  _al_score_display_settings       [   0.15900] Score is : 586
display  D   display_settings.c:214  debug_display_settings           [   0.15911] color: 32 (rgba 8880), depth: 24, stencil: 0, acc: 0000, samples: 7/1
display  D   display_settings.c:529  _al_score_display_settings       [   0.15924] Score is : 585
display  D   display_settings.c:214  debug_display_settings           [   0.15934] color: 32 (rgba 8880), depth: 24, stencil: 0, acc: 0000, samples: 8/1
display  D   display_settings.c:529  _al_score_display_settings       [   0.15943] Score is : 584
display  D   display_settings.c:214  debug_display_settings           [   0.15951] color: 32 (rgba 8880), depth: 16, stencil: 0, acc: 0000, samples: 0/0
display  D   display_settings.c:529  _al_score_display_settings       [   0.15963] Score is : 769
display  D   display_settings.c:214  debug_display_settings           [   0.15973] color: 32 (rgba 8880), depth: 16, stencil: 0, acc: 0000, samples: 0/0
display  D   display_settings.c:529  _al_score_display_settings       [   0.15985] Score is : 769
display  D   display_settings.c:214  debug_display_settings           [   0.15999] color: 32 (rgba 8880), depth: 16, stencil: 0, acc: 0000, samples: 2/1
display  D   display_settings.c:529  _al_score_display_settings       [   0.16011] Score is : 598
display  D   display_settings.c:214  debug_display_settings           [   0.16022] color: 32 (rgba 8880), depth: 16, stencil: 0, acc: 0000, samples: 3/1
display  D   display_settings.c:529  _al_score_display_settings       [   0.16035] Score is : 593
display  D   display_settings.c:214  debug_display_settings           [   0.16046] color: 32 (rgba 8880), depth: 16, stencil: 0, acc: 0000, samples: 4/1
display  D   display_settings.c:529  _al_score_display_settings       [   0.16058] Score is : 589
display  D   display_settings.c:214  debug_display_settings           [   0.16069] color: 32 (rgba 8880), depth: 16, stencil: 0, acc: 0000, samples: 5/1
display  D   display_settings.c:529  _al_score_display_settings       [   0.16080] Score is : 587
display  D   display_settings.c:214  debug_display_settings           [   0.16090] color: 32 (rgba 8880), depth: 16, stencil: 0, acc: 0000, samples: 6/1
display  D   display_settings.c:529  _al_score_display_settings       [   0.16101] Score is : 586
display  D   display_settings.c:214  debug_display_settings           [   0.16111] color: 32 (rgba 8880), depth: 16, stencil: 0, acc: 0000, samples: 7/1
display  D   display_settings.c:529  _al_score_display_settings       [   0.16126] Score is : 585
display  D   display_settings.c:214  debug_display_settings           [   0.16137] color: 32 (rgba 8880), depth: 16, stencil: 0, acc: 0000, samples: 8/1
display  D   display_settings.c:529  _al_score_display_settings       [   0.16147] Score is : 584
display  D   display_settings.c:214  debug_display_settings           [   0.16157] color: 16 (rgba 5650), depth: 0, stencil: 0, acc: 0000, samples: 0/0
display  D   display_settings.c:529  _al_score_display_settings       [   0.16169] Score is : 769
display  D   display_settings.c:214  debug_display_settings           [   0.16178] color: 16 (rgba 5650), depth: 0, stencil: 0, acc: 0000, samples: 0/0
display  D   display_settings.c:529  _al_score_display_settings       [   0.16192] Score is : 769
display  D   display_settings.c:214  debug_display_settings           [   0.16204] color: 16 (rgba 5650), depth: 0, stencil: 0, acc: 0000, samples: 2/1
display  D   display_settings.c:529  _al_score_display_settings       [   0.16216] Score is : 598
display  D   display_settings.c:214  debug_display_settings           [   0.16229] color: 16 (rgba 5650), depth: 0, stencil: 0, acc: 0000, samples: 3/1
display  D   display_settings.c:529  _al_score_display_settings       [   0.16252] Score is : 593
display  D   display_settings.c:214  debug_display_settings           [   0.16265] color: 16 (rgba 5650), depth: 0, stencil: 0, acc: 0000, samples: 4/1
display  D   display_settings.c:529  _al_score_display_settings       [   0.16276] Score is : 589
display  D   display_settings.c:214  debug_display_settings           [   0.16287] color: 16 (rgba 5650), depth: 0, stencil: 0, acc: 0000, samples: 5/1
display  D   display_settings.c:529  _al_score_display_settings       [   0.16310] Score is : 587
display  D   display_settings.c:214  debug_display_settings           [   0.16321] color: 16 (rgba 5650), depth: 0, stencil: 0, acc: 0000, samples: 6/1
display  D   display_settings.c:529  _al_score_display_settings       [   0.16334] Score is : 586
display  D   display_settings.c:214  debug_display_settings           [   0.16346] color: 16 (rgba 5650), depth: 0, stencil: 0, acc: 0000, samples: 7/1
display  D   display_settings.c:529  _al_score_display_settings       [   0.16359] Score is : 585
display  D   display_settings.c:214  debug_display_settings           [   0.16370] color: 16 (rgba 5650), depth: 0, stencil: 0, acc: 0000, samples: 8/1
display  D   display_settings.c:529  _al_score_display_settings       [   0.16380] Score is : 584
display  D   display_settings.c:214  debug_display_settings           [   0.16390] color: 16 (rgba 5650), depth: 24, stencil: 8, acc: 0000, samples: 0/0
display  D   display_settings.c:529  _al_score_display_settings       [   0.16405] Score is : 769
display  D   display_settings.c:214  debug_display_settings           [   0.16415] color: 16 (rgba 5650), depth: 24, stencil: 8, acc: 0000, samples: 0/0
display  D   display_settings.c:529  _al_score_display_settings       [   0.16426] Score is : 769
display  D   display_settings.c:214  debug_display_settings           [   0.16436] color: 16 (rgba 5650), depth: 24, stencil: 8, acc: 0000, samples: 2/1
display  D   display_settings.c:529  _al_score_display_settings       [   0.16448] Score is : 598
display  D   display_settings.c:214  debug_display_settings           [   0.16458] color: 16 (rgba 5650), depth: 24, stencil: 8, acc: 0000, samples: 3/1
display  D   display_settings.c:529  _al_score_display_settings       [   0.16469] Score is : 593
display  D   display_settings.c:214  debug_display_settings           [   0.16480] color: 16 (rgba 5650), depth: 24, stencil: 8, acc: 0000, samples: 4/1
display  D   display_settings.c:529  _al_score_display_settings       [   0.16493] Score is : 589
display  D   display_settings.c:214  debug_display_settings           [   0.16505] color: 16 (rgba 5650), depth: 24, stencil: 8, acc: 0000, samples: 5/1
display  D   display_settings.c:529  _al_score_display_settings       [   0.16518] Score is : 587
display  D   display_settings.c:214  debug_display_settings           [   0.16531] color: 16 (rgba 5650), depth: 24, stencil: 8, acc: 0000, samples: 6/1
display  D   display_settings.c:529  _al_score_display_settings       [   0.16546] Score is : 586
display  D   display_settings.c:214  debug_display_settings           [   0.16558] color: 16 (rgba 5650), depth: 24, stencil: 8, acc: 0000, samples: 7/1
display  D   display_settings.c:529  _al_score_display_settings       [   0.16569] Score is : 585
display  D   display_settings.c:214  debug_display_settings           [   0.16580] color: 16 (rgba 5650), depth: 24, stencil: 8, acc: 0000, samples: 8/1
display  D   display_settings.c:529  _al_score_display_settings       [   0.16591] Score is : 584
display  D   display_settings.c:214  debug_display_settings           [   0.16601] color: 16 (rgba 5650), depth: 24, stencil: 0, acc: 0000, samples: 0/0
display  D   display_settings.c:529  _al_score_display_settings       [   0.16615] Score is : 769
display  D   display_settings.c:214  debug_display_settings           [   0.16627] color: 16 (rgba 5650), depth: 24, stencil: 0, acc: 0000, samples: 0/0
display  D   display_settings.c:529  _al_score_display_settings       [   0.16639] Score is : 769
display  D   display_settings.c:214  debug_display_settings           [   0.16647] color: 16 (rgba 5650), depth: 24, stencil: 0, acc: 0000, samples: 2/1
display  D   display_settings.c:529  _al_score_display_settings       [   0.16659] Score is : 598
display  D   display_settings.c:214  debug_display_settings           [   0.16671] color: 16 (rgba 5650), depth: 24, stencil: 0, acc: 0000, samples: 3/1
display  D   display_settings.c:529  _al_score_display_settings       [   0.16684] Score is : 593
display  D   display_settings.c:214  debug_display_settings           [   0.16695] color: 16 (rgba 5650), depth: 24, stencil: 0, acc: 0000, samples: 4/1
display  D   display_settings.c:529  _al_score_display_settings       [   0.16710] Score is : 589
display  D   display_settings.c:214  debug_display_settings           [   0.16721] color: 16 (rgba 5650), depth: 24, stencil: 0, acc: 0000, samples: 5/1
display  D   display_settings.c:529  _al_score_display_settings       [   0.16733] Score is : 587
display  D   display_settings.c:214  debug_display_settings           [   0.16744] color: 16 (rgba 5650), depth: 24, stencil: 0, acc: 0000, samples: 6/1
display  D   display_settings.c:529  _al_score_display_settings       [   0.16756] Score is : 586
display  D   display_settings.c:214  debug_display_settings           [   0.16768] color: 16 (rgba 5650), depth: 24, stencil: 0, acc: 0000, samples: 7/1
display  D   display_settings.c:529  _al_score_display_settings       [   0.16782] Score is : 585
display  D   display_settings.c:214  debug_display_settings           [   0.16794] color: 16 (rgba 5650), depth: 24, stencil: 0, acc: 0000, samples: 8/1
display  D   display_settings.c:529  _al_score_display_settings       [   0.16804] Score is : 584
display  D   display_settings.c:214  debug_display_settings           [   0.16814] color: 16 (rgba 5650), depth: 16, stencil: 0, acc: 0000, samples: 0/0
display  D   display_settings.c:529  _al_score_display_settings       [   0.16826] Score is : 769
display  D   display_settings.c:214  debug_display_settings           [   0.16836] color: 16 (rgba 5650), depth: 16, stencil: 0, acc: 0000, samples: 0/0
display  D   display_settings.c:529  _al_score_display_settings       [   0.16848] Score is : 769
display  D   display_settings.c:214  debug_display_settings           [   0.16859] color: 16 (rgba 5650), depth: 16, stencil: 0, acc: 0000, samples: 2/1
display  D   display_settings.c:529  _al_score_display_settings       [   0.16870] Score is : 598
display  D   display_settings.c:214  debug_display_settings           [   0.16880] color: 16 (rgba 5650), depth: 16, stencil: 0, acc: 0000, samples: 3/1
display  D   display_settings.c:529  _al_score_display_settings       [   0.16892] Score is : 593
display  D   display_settings.c:214  debug_display_settings           [   0.16903] color: 16 (rgba 5650), depth: 16, stencil: 0, acc: 0000, samples: 4/1
display  D   display_settings.c:529  _al_score_display_settings       [   0.16915] Score is : 589
display  D   display_settings.c:214  debug_display_settings           [   0.16925] color: 16 (rgba 5650), depth: 16, stencil: 0, acc: 0000, samples: 5/1
display  D   display_settings.c:529  _al_score_display_settings       [   0.16936] Score is : 587
display  D   display_settings.c:214  debug_display_settings           [   0.16948] color: 16 (rgba 5650), depth: 16, stencil: 0, acc: 0000, samples: 6/1
display  D   display_settings.c:529  _al_score_display_settings       [   0.16962] Score is : 586
display  D   display_settings.c:214  debug_display_settings           [   0.16974] color: 16 (rgba 5650), depth: 16, stencil: 0, acc: 0000, samples: 7/1
display  D   display_settings.c:529  _al_score_display_settings       [   0.16987] Score is : 585
display  D   display_settings.c:214  debug_display_settings           [   0.16999] color: 16 (rgba 5650), depth: 16, stencil: 0, acc: 0000, samples: 8/1
display  D   display_settings.c:529  _al_score_display_settings       [   0.17011] Score is : 584
display  D   display_settings.c:214  debug_display_settings           [   0.17022] color: 32 (rgba 8880), depth: 0, stencil: 0, acc: 0000, samples: 0/0
display  D   display_settings.c:400  _al_score_display_settings       [   0.17032] Single Buffer requirement not met.
display  D   display_settings.c:214  debug_display_settings           [   0.17045] color: 32 (rgba 8880), depth: 0, stencil: 0, acc: 0000, samples: 0/0
display  D   display_settings.c:400  _al_score_display_settings       [   0.17059] Single Buffer requirement not met.
display  D   display_settings.c:214  debug_display_settings           [   0.17072] color: 32 (rgba 8880), depth: 0, stencil: 0, acc: 0000, samples: 2/1
display  D   display_settings.c:400  _al_score_display_settings       [   0.17085] Single Buffer requirement not met.
display  D   display_settings.c:214  debug_display_settings           [   0.17095] color: 32 (rgba 8880), depth: 0, stencil: 0, acc: 0000, samples: 3/1
display  D   display_settings.c:400  _al_score_display_settings       [   0.17109] Single Buffer requirement not met.
display  D   display_settings.c:214  debug_display_settings           [   0.17121] color: 32 (rgba 8880), depth: 0, stencil: 0, acc: 0000, samples: 4/1
display  D   display_settings.c:400  _al_score_display_settings       [   0.17135] Single Buffer requirement not met.
display  D   display_settings.c:214  debug_display_settings           [   0.17147] color: 32 (rgba 8880), depth: 0, stencil: 0, acc: 0000, samples: 5/1
display  D   display_settings.c:400  _al_score_display_settings       [   0.17160] Single Buffer requirement not met.
display  D   display_settings.c:214  debug_display_settings           [   0.17171] color: 32 (rgba 8880), depth: 0, stencil: 0, acc: 0000, samples: 6/1
display  D   display_settings.c:400  _al_score_display_settings       [   0.17181] Single Buffer requirement not met.
display  D   display_settings.c:214  debug_display_settings           [   0.17193] color: 32 (rgba 8880), depth: 0, stencil: 0, acc: 0000, samples: 7/1
display  D   display_settings.c:400  _al_score_display_settings       [   0.17204] Single Buffer requirement not met.
display  D   display_settings.c:214  debug_display_settings           [   0.17212] color: 32 (rgba 8880), depth: 0, stencil: 0, acc: 0000, samples: 8/1
display  D   display_settings.c:400  _al_score_display_settings       [   0.17224] Single Buffer requirement not met.
display  D   display_settings.c:214  debug_display_settings           [   0.17238] color: 32 (rgba 8880), depth: 24, stencil: 8, acc: 0000, samples: 0/0
display  D   display_settings.c:400  _al_score_display_settings       [   0.17252] Single Buffer requirement not met.
display  D   display_settings.c:214  debug_display_settings           [   0.17264] color: 32 (rgba 8880), depth: 24, stencil: 8, acc: 0000, samples: 0/0
display  D   display_settings.c:400  _al_score_display_settings       [   0.17276] Single Buffer requirement not met.
display  D   display_settings.c:214  debug_display_settings           [   0.17288] color: 32 (rgba 8880), depth: 24, stencil: 8, acc: 0000, samples: 2/1
display  D   display_settings.c:400  _al_score_display_settings       [   0.17302] Single Buffer requirement not met.
display  D   display_settings.c:214  debug_display_settings           [   0.17314] color: 32 (rgba 8880), depth: 24, stencil: 8, acc: 0000, samples: 3/1
display  D   display_settings.c:400  _al_score_display_settings       [   0.17327] Single Buffer requirement not met.
display  D   display_settings.c:214  debug_display_settings           [   0.17340] color: 32 (rgba 8880), depth: 24, stencil: 8, acc: 0000, samples: 4/1
display  D   display_settings.c:400  _al_score_display_settings       [   0.17351] Single Buffer requirement not met.
display  D   display_settings.c:214  debug_display_settings           [   0.17365] color: 32 (rgba 8880), depth: 24, stencil: 8, acc: 0000, samples: 5/1
display  D   display_settings.c:400  _al_score_display_settings       [   0.17376] Single Buffer requirement not met.
display  D   display_settings.c:214  debug_display_settings           [   0.17387] color: 32 (rgba 8880), depth: 24, stencil: 8, acc: 0000, samples: 6/1
display  D   display_settings.c:400  _al_score_display_settings       [   0.17401] Single Buffer requirement not met.
display  D   display_settings.c:214  debug_display_settings           [   0.17417] color: 32 (rgba 8880), depth: 24, stencil: 8, acc: 0000, samples: 7/1
display  D   display_settings.c:400  _al_score_display_settings       [   0.17431] Single Buffer requirement not met.
display  D   display_settings.c:214  debug_display_settings           [   0.17441] color: 32 (rgba 8880), depth: 24, stencil: 8, acc: 0000, samples: 8/1
display  D   display_settings.c:400  _al_score_display_settings       [   0.17451] Single Buffer requirement not met.
display  D   display_settings.c:214  debug_display_settings           [   0.17462] color: 32 (rgba 8880), depth: 24, stencil: 0, acc: 0000, samples: 0/0
display  D   display_settings.c:400  _al_score_display_settings       [   0.17472] Single Buffer requirement not met.
display  D   display_settings.c:214  debug_display_settings           [   0.17483] color: 32 (rgba 8880), depth: 24, stencil: 0, acc: 0000, samples: 0/0
display  D   display_settings.c:400  _al_score_display_settings       [   0.17496] Single Buffer requirement not met.
display  D   display_settings.c:214  debug_display_settings           [   0.17509] color: 32 (rgba 8880), depth: 24, stencil: 0, acc: 0000, samples: 2/1
display  D   display_settings.c:400  _al_score_display_settings       [   0.17519] Single Buffer requirement not met.
display  D   display_settings.c:214  debug_display_settings           [   0.17528] color: 32 (rgba 8880), depth: 24, stencil: 0, acc: 0000, samples: 3/1
display  D   display_settings.c:400  _al_score_display_settings       [   0.17538] Single Buffer requirement not met.
display  D   display_settings.c:214  debug_display_settings           [   0.17548] color: 32 (rgba 8880), depth: 24, stencil: 0, acc: 0000, samples: 4/1
display  D   display_settings.c:400  _al_score_display_settings       [   0.17559] Single Buffer requirement not met.
display  D   display_settings.c:214  debug_display_settings           [   0.17571] color: 32 (rgba 8880), depth: 24, stencil: 0, acc: 0000, samples: 5/1
display  D   display_settings.c:400  _al_score_display_settings       [   0.17583] Single Buffer requirement not met.
display  D   display_settings.c:214  debug_display_settings           [   0.17594] color: 32 (rgba 8880), depth: 24, stencil: 0, acc: 0000, samples: 6/1
display  D   display_settings.c:400  _al_score_display_settings       [   0.17608] Single Buffer requirement not met.
display  D   display_settings.c:214  debug_display_settings           [   0.17620] color: 32 (rgba 8880), depth: 24, stencil: 0, acc: 0000, samples: 7/1
display  D   display_settings.c:400  _al_score_display_settings       [   0.17633] Single Buffer requirement not met.
display  D   display_settings.c:214  debug_display_settings           [   0.17647] color: 32 (rgba 8880), depth: 24, stencil: 0, acc: 0000, samples: 8/1
display  D   display_settings.c:400  _al_score_display_settings       [   0.17660] Single Buffer requirement not met.
display  D   display_settings.c:214  debug_display_settings           [   0.17673] color: 32 (rgba 8880), depth: 16, stencil: 0, acc: 0000, samples: 0/0
display  D   display_settings.c:400  _al_score_display_settings       [   0.17686] Single Buffer requirement not met.
display  D   display_settings.c:214  debug_display_settings           [   0.17699] color: 32 (rgba 8880), depth: 16, stencil: 0, acc: 0000, samples: 0/0
display  D   display_settings.c:400  _al_score_display_settings       [   0.17712] Single Buffer requirement not met.
display  D   display_settings.c:214  debug_display_settings           [   0.17725] color: 32 (rgba 8880), depth: 16, stencil: 0, acc: 0000, samples: 2/1
display  D   display_settings.c:400  _al_score_display_settings       [   0.17738] Single Buffer requirement not met.
display  D   display_settings.c:214  debug_display_settings           [   0.17750] color: 32 (rgba 8880), depth: 16, stencil: 0, acc: 0000, samples: 3/1
display  D   display_settings.c:400  _al_score_display_settings       [   0.17762] Single Buffer requirement not met.
display  D   display_settings.c:214  debug_display_settings           [   0.17779] color: 32 (rgba 8880), depth: 16, stencil: 0, acc: 0000, samples: 4/1
display  D   display_settings.c:400  _al_score_display_settings       [   0.17790] Single Buffer requirement not met.
display  D   display_settings.c:214  debug_display_settings           [   0.17802] color: 32 (rgba 8880), depth: 16, stencil: 0, acc: 0000, samples: 5/1
display  D   display_settings.c:400  _al_score_display_settings       [   0.17823] Single Buffer requirement not met.
display  D   display_settings.c:214  debug_display_settings           [   0.17838] color: 32 (rgba 8880), depth: 16, stencil: 0, acc: 0000, samples: 6/1
display  D   display_settings.c:400  _al_score_display_settings       [   0.17849] Single Buffer requirement not met.
display  D   display_settings.c:214  debug_display_settings           [   0.17860] color: 32 (rgba 8880), depth: 16, stencil: 0, acc: 0000, samples: 7/1
display  D   display_settings.c:400  _al_score_display_settings       [   0.17873] Single Buffer requirement not met.
display  D   display_settings.c:214  debug_display_settings           [   0.17884] color: 32 (rgba 8880), depth: 16, stencil: 0, acc: 0000, samples: 8/1
display  D   display_settings.c:400  _al_score_display_settings       [   0.17894] Single Buffer requirement not met.
display  D   display_settings.c:214  debug_display_settings           [   0.17903] color: 16 (rgba 5650), depth: 0, stencil: 0, acc: 0000, samples: 0/0
display  D   display_settings.c:400  _al_score_display_settings       [   0.17916] Single Buffer requirement not met.
display  D   display_settings.c:214  debug_display_settings           [   0.17929] color: 16 (rgba 5650), depth: 0, stencil: 0, acc: 0000, samples: 0/0
display  D   display_settings.c:400  _al_score_display_settings       [   0.17941] Single Buffer requirement not met.
display  D   display_settings.c:214  debug_display_settings           [   0.17953] color: 16 (rgba 5650), depth: 0, stencil: 0, acc: 0000, samples: 2/1
display  D   display_settings.c:400  _al_score_display_settings       [   0.17965] Single Buffer requirement not met.
display  D   display_settings.c:214  debug_display_settings           [   0.17976] color: 16 (rgba 5650), depth: 0, stencil: 0, acc: 0000, samples: 3/1
display  D   display_settings.c:400  _al_score_display_settings       [   0.17987] Single Buffer requirement not met.
display  D   display_settings.c:214  debug_display_settings           [   0.17997] color: 16 (rgba 5650), depth: 0, stencil: 0, acc: 0000, samples: 4/1
display  D   display_settings.c:400  _al_score_display_settings       [   0.18011] Single Buffer requirement not met.
display  D   display_settings.c:214  debug_display_settings           [   0.18022] color: 16 (rgba 5650), depth: 0, stencil: 0, acc: 0000, samples: 5/1
display  D   display_settings.c:400  _al_score_display_settings       [   0.18033] Single Buffer requirement not met.
display  D   display_settings.c:214  debug_display_settings           [   0.18045] color: 16 (rgba 5650), depth: 0, stencil: 0, acc: 0000, samples: 6/1
display  D   display_settings.c:400  _al_score_display_settings       [   0.18056] Single Buffer requirement not met.
display  D   display_settings.c:214  debug_display_settings           [   0.18069] color: 16 (rgba 5650), depth: 0, stencil: 0, acc: 0000, samples: 7/1
display  D   display_settings.c:400  _al_score_display_settings       [   0.18081] Single Buffer requirement not met.
display  D   display_settings.c:214  debug_display_settings           [   0.18091] color: 16 (rgba 5650), depth: 0, stencil: 0, acc: 0000, samples: 8/1
display  D   display_settings.c:400  _al_score_display_settings       [   0.18103] Single Buffer requirement not met.
display  D   display_settings.c:214  debug_display_settings           [   0.18114] color: 16 (rgba 5650), depth: 24, stencil: 8, acc: 0000, samples: 0/0
display  D   display_settings.c:400  _al_score_display_settings       [   0.18130] Single Buffer requirement not met.
display  D   display_settings.c:214  debug_display_settings           [   0.18145] color: 16 (rgba 5650), depth: 24, stencil: 8, acc: 0000, samples: 0/0
display  D   display_settings.c:400  _al_score_display_settings       [   0.18155] Single Buffer requirement not met.
display  D   display_settings.c:214  debug_display_settings           [   0.18165] color: 16 (rgba 5650), depth: 24, stencil: 8, acc: 0000, samples: 2/1
display  D   display_settings.c:400  _al_score_display_settings       [   0.18176] Single Buffer requirement not met.
display  D   display_settings.c:214  debug_display_settings           [   0.18186] color: 16 (rgba 5650), depth: 24, stencil: 8, acc: 0000, samples: 3/1
display  D   display_settings.c:400  _al_score_display_settings       [   0.18201] Single Buffer requirement not met.
display  D   display_settings.c:214  debug_display_settings           [   0.18213] color: 16 (rgba 5650), depth: 24, stencil: 8, acc: 0000, samples: 4/1
display  D   display_settings.c:400  _al_score_display_settings       [   0.18227] Single Buffer requirement not met.
display  D   display_settings.c:214  debug_display_settings           [   0.18238] color: 16 (rgba 5650), depth: 24, stencil: 8, acc: 0000, samples: 5/1
display  D   display_settings.c:400  _al_score_display_settings       [   0.18251] Single Buffer requirement not met.
display  D   display_settings.c:214  debug_display_settings           [   0.18263] color: 16 (rgba 5650), depth: 24, stencil: 8, acc: 0000, samples: 6/1
display  D   display_settings.c:400  _al_score_display_settings       [   0.18277] Single Buffer requirement not met.
display  D   display_settings.c:214  debug_display_settings           [   0.18290] color: 16 (rgba 5650), depth: 24, stencil: 8, acc: 0000, samples: 7/1
display  D   display_settings.c:400  _al_score_display_settings       [   0.18303] Single Buffer requirement not met.
display  D   display_settings.c:214  debug_display_settings           [   0.18315] color: 16 (rgba 5650), depth: 24, stencil: 8, acc: 0000, samples: 8/1
display  D   display_settings.c:400  _al_score_display_settings       [   0.18328] Single Buffer requirement not met.
display  D   display_settings.c:214  debug_display_settings           [   0.18340] color: 16 (rgba 5650), depth: 24, stencil: 0, acc: 0000, samples: 0/0
display  D   display_settings.c:400  _al_score_display_settings       [   0.18353] Single Buffer requirement not met.
display  D   display_settings.c:214  debug_display_settings           [   0.18363] color: 16 (rgba 5650), depth: 24, stencil: 0, acc: 0000, samples: 0/0
display  D   display_settings.c:400  _al_score_display_settings       [   0.18375] Single Buffer requirement not met.
display  D   display_settings.c:214  debug_display_settings           [   0.18386] color: 16 (rgba 5650), depth: 24, stencil: 0, acc: 0000, samples: 2/1
display  D   display_settings.c:400  _al_score_display_settings       [   0.18395] Single Buffer requirement not met.
display  D   display_settings.c:214  debug_display_settings           [   0.18405] color: 16 (rgba 5650), depth: 24, stencil: 0, acc: 0000, samples: 3/1
display  D   display_settings.c:400  _al_score_display_settings       [   0.18414] Single Buffer requirement not met.
display  D   display_settings.c:214  debug_display_settings           [   0.18425] color: 16 (rgba 5650), depth: 24, stencil: 0, acc: 0000, samples: 4/1
display  D   display_settings.c:400  _al_score_display_settings       [   0.18438] Single Buffer requirement not met.
display  D   display_settings.c:214  debug_display_settings           [   0.18450] color: 16 (rgba 5650), depth: 24, stencil: 0, acc: 0000, samples: 5/1
display  D   display_settings.c:400  _al_score_display_settings       [   0.18462] Single Buffer requirement not met.
display  D   display_settings.c:214  debug_display_settings           [   0.18473] color: 16 (rgba 5650), depth: 24, stencil: 0, acc: 0000, samples: 6/1
display  D   display_settings.c:400  _al_score_display_settings       [   0.18485] Single Buffer requirement not met.
display  D   display_settings.c:214  debug_display_settings           [   0.18499] color: 16 (rgba 5650), depth: 24, stencil: 0, acc: 0000, samples: 7/1
display  D   display_settings.c:400  _al_score_display_settings       [   0.18510] Single Buffer requirement not met.
display  D   display_settings.c:214  debug_display_settings           [   0.18519] color: 16 (rgba 5650), depth: 24, stencil: 0, acc: 0000, samples: 8/1
display  D   display_settings.c:400  _al_score_display_settings       [   0.18530] Single Buffer requirement not met.
display  D   display_settings.c:214  debug_display_settings           [   0.18541] color: 16 (rgba 5650), depth: 16, stencil: 0, acc: 0000, samples: 0/0
display  D   display_settings.c:400  _al_score_display_settings       [   0.18552] Single Buffer requirement not met.
display  D   display_settings.c:214  debug_display_settings           [   0.18565] color: 16 (rgba 5650), depth: 16, stencil: 0, acc: 0000, samples: 0/0
display  D   display_settings.c:400  _al_score_display_settings       [   0.18576] Single Buffer requirement not met.
display  D   display_settings.c:214  debug_display_settings           [   0.18584] color: 16 (rgba 5650), depth: 16, stencil: 0, acc: 0000, samples: 2/1
display  D   display_settings.c:400  _al_score_display_settings       [   0.18594] Single Buffer requirement not met.
display  D   display_settings.c:214  debug_display_settings           [   0.18603] color: 16 (rgba 5650), depth: 16, stencil: 0, acc: 0000, samples: 3/1
display  D   display_settings.c:400  _al_score_display_settings       [   0.18613] Single Buffer requirement not met.
display  D   display_settings.c:214  debug_display_settings           [   0.18624] color: 16 (rgba 5650), depth: 16, stencil: 0, acc: 0000, samples: 4/1
display  D   display_settings.c:400  _al_score_display_settings       [   0.18635] Single Buffer requirement not met.
display  D   display_settings.c:214  debug_display_settings           [   0.18645] color: 16 (rgba 5650), depth: 16, stencil: 0, acc: 0000, samples: 5/1
display  D   display_settings.c:400  _al_score_display_settings       [   0.18657] Single Buffer requirement not met.
display  D   display_settings.c:214  debug_display_settings           [   0.18670] color: 16 (rgba 5650), depth: 16, stencil: 0, acc: 0000, samples: 6/1
display  D   display_settings.c:400  _al_score_display_settings       [   0.18682] Single Buffer requirement not met.
display  D   display_settings.c:214  debug_display_settings           [   0.18694] color: 16 (rgba 5650), depth: 16, stencil: 0, acc: 0000, samples: 7/1
display  D   display_settings.c:400  _al_score_display_settings       [   0.18706] Single Buffer requirement not met.
display  D   display_settings.c:214  debug_display_settings           [   0.18718] color: 16 (rgba 5650), depth: 16, stencil: 0, acc: 0000, samples: 8/1
display  D   display_settings.c:400  _al_score_display_settings       [   0.18731] Single Buffer requirement not met.
d3d      D         d3d_disp.cpp:1677 d3d_create_display_internals     [   0.18746] Trying format 0.
d3d      I         d3d_disp.cpp:1353 d3d_display_thread_proc          [   0.19936] Chose a display format: 23
d3d      I         d3d_disp.cpp:1422 d3d_display_thread_proc          [   0.19955] Normal window.
d3d      I         d3d_disp.cpp:786  d3d_create_device                [   0.24855] Using no depth stencil buffer
d3d      D         d3d_disp.cpp:848  d3d_create_device                [   0.28372] BeginScene succeeded in create_device
d3d      D         d3d_disp.cpp:856  d3d_create_device                [   0.28395] Success
d3d      D         d3d_disp.cpp:1703 d3d_create_display_internals     [   0.28414] Resumed after wait.
d3d      I         d3d_disp.cpp:1736 d3d_create_display_internals     [   0.28436] Format 0 succeeded.
d3d      D         d3d_disp.cpp:1767 d3d_create_display_internals     [   0.28455] Returning d3d_display: 0000027929C28C30
d3d      D         d3d_disp.cpp:1792 d3d_create_display_locked        [   0.28471] al_display=0000027929C28C30
d3d      D         d3d_disp.cpp:1793 d3d_create_display_locked        [   0.28485] al_display->vt=0000027929B8FAA0
system   D            wsystem.c:836  maybe_parent_dir                 [   0.28527] Also searching C:\Users\filip\source\repos\po1\PP2.PRO.1ID11A.BEDNARZ.BŁACH.BRZOZA\x64\
system   W            wsystem.c:896  _al_win_safe_load_library        [   0.28653] PathFindOnPath failed to find d3dx9_43.dll
system   D            wsystem.c:836  maybe_parent_dir                 [   0.28676] Also searching C:\Users\filip\source\repos\po1\PP2.PRO.1ID11A.BEDNARZ.BŁACH.BRZOZA\x64\
system   W            wsystem.c:896  _al_win_safe_load_library        [   0.28733] PathFindOnPath failed to find d3dx9_42.dll
system   D            wsystem.c:836  maybe_parent_dir                 [   0.28753] Also searching C:\Users\filip\source\repos\po1\PP2.PRO.1ID11A.BEDNARZ.BŁACH.BRZOZA\x64\
system   W            wsystem.c:896  _al_win_safe_load_library        [   0.28811] PathFindOnPath failed to find d3dx9_41.dll
system   D            wsystem.c:836  maybe_parent_dir                 [   0.28831] Also searching C:\Users\filip\source\repos\po1\PP2.PRO.1ID11A.BEDNARZ.BŁACH.BRZOZA\x64\
system   W            wsystem.c:896  _al_win_safe_load_library        [   0.28885] PathFindOnPath failed to find d3dx9_40.dll
system   D            wsystem.c:836  maybe_parent_dir                 [   0.28904] Also searching C:\Users\filip\source\repos\po1\PP2.PRO.1ID11A.BEDNARZ.BŁACH.BRZOZA\x64\
system   W            wsystem.c:896  _al_win_safe_load_library        [   0.28958] PathFindOnPath failed to find d3dx9_39.dll
system   D            wsystem.c:836  maybe_parent_dir                 [   0.28980] Also searching C:\Users\filip\source\repos\po1\PP2.PRO.1ID11A.BEDNARZ.BŁACH.BRZOZA\x64\
system   W            wsystem.c:896  _al_win_safe_load_library        [   0.29056] PathFindOnPath failed to find d3dx9_38.dll
system   D            wsystem.c:836  maybe_parent_dir                 [   0.29081] Also searching C:\Users\filip\source\repos\po1\PP2.PRO.1ID11A.BEDNARZ.BŁACH.BRZOZA\x64\
system   W            wsystem.c:896  _al_win_safe_load_library        [   0.29159] PathFindOnPath failed to find d3dx9_37.dll
system   D            wsystem.c:836  maybe_parent_dir                 [   0.29181] Also searching C:\Users\filip\source\repos\po1\PP2.PRO.1ID11A.BEDNARZ.BŁACH.BRZOZA\x64\
system   W            wsystem.c:896  _al_win_safe_load_library        [   0.29255] PathFindOnPath failed to find d3dx9_36.dll
system   D            wsystem.c:836  maybe_parent_dir                 [   0.29276] Also searching C:\Users\filip\source\repos\po1\PP2.PRO.1ID11A.BEDNARZ.BŁACH.BRZOZA\x64\
system   W            wsystem.c:896  _al_win_safe_load_library        [   0.29330] PathFindOnPath failed to find d3dx9_35.dll
system   D            wsystem.c:836  maybe_parent_dir                 [   0.29354] Also searching C:\Users\filip\source\repos\po1\PP2.PRO.1ID11A.BEDNARZ.BŁACH.BRZOZA\x64\
system   W            wsystem.c:896  _al_win_safe_load_library        [   0.29408] PathFindOnPath failed to find d3dx9_34.dll
system   D            wsystem.c:836  maybe_parent_dir                 [   0.29433] Also searching C:\Users\filip\source\repos\po1\PP2.PRO.1ID11A.BEDNARZ.BŁACH.BRZOZA\x64\
system   W            wsystem.c:896  _al_win_safe_load_library        [   0.29508] PathFindOnPath failed to find d3dx9_33.dll
system   D            wsystem.c:836  maybe_parent_dir                 [   0.29530] Also searching C:\Users\filip\source\repos\po1\PP2.PRO.1ID11A.BEDNARZ.BŁACH.BRZOZA\x64\
system   W            wsystem.c:896  _al_win_safe_load_library        [   0.29586] PathFindOnPath failed to find d3dx9_32.dll
system   D            wsystem.c:836  maybe_parent_dir                 [   0.29608] Also searching C:\Users\filip\source\repos\po1\PP2.PRO.1ID11A.BEDNARZ.BŁACH.BRZOZA\x64\
system   W            wsystem.c:896  _al_win_safe_load_library        [   0.29679] PathFindOnPath failed to find d3dx9_31.dll
system   D            wsystem.c:836  maybe_parent_dir                 [   0.29706] Also searching C:\Users\filip\source\repos\po1\PP2.PRO.1ID11A.BEDNARZ.BŁACH.BRZOZA\x64\
system   W            wsystem.c:896  _al_win_safe_load_library        [   0.29768] PathFindOnPath failed to find d3dx9_30.dll
system   D            wsystem.c:836  maybe_parent_dir                 [   0.29790] Also searching C:\Users\filip\source\repos\po1\PP2.PRO.1ID11A.BEDNARZ.BŁACH.BRZOZA\x64\
system   W            wsystem.c:896  _al_win_safe_load_library        [   0.29850] PathFindOnPath failed to find d3dx9_29.dll
system   D            wsystem.c:836  maybe_parent_dir                 [   0.29870] Also searching C:\Users\filip\source\repos\po1\PP2.PRO.1ID11A.BEDNARZ.BŁACH.BRZOZA\x64\
system   W            wsystem.c:896  _al_win_safe_load_library        [   0.29927] PathFindOnPath failed to find d3dx9_28.dll
system   D            wsystem.c:836  maybe_parent_dir                 [   0.29951] Also searching C:\Users\filip\source\repos\po1\PP2.PRO.1ID11A.BEDNARZ.BŁACH.BRZOZA\x64\
system   W            wsystem.c:896  _al_win_safe_load_library        [   0.30036] PathFindOnPath failed to find d3dx9_27.dll
system   D            wsystem.c:836  maybe_parent_dir                 [   0.30061] Also searching C:\Users\filip\source\repos\po1\PP2.PRO.1ID11A.BEDNARZ.BŁACH.BRZOZA\x64\
system   W            wsystem.c:896  _al_win_safe_load_library        [   0.30146] PathFindOnPath failed to find d3dx9_26.dll
system   D            wsystem.c:836  maybe_parent_dir                 [   0.30174] Also searching C:\Users\filip\source\repos\po1\PP2.PRO.1ID11A.BEDNARZ.BŁACH.BRZOZA\x64\
system   W            wsystem.c:896  _al_win_safe_load_library        [   0.30284] PathFindOnPath failed to find d3dx9_25.dll
system   D            wsystem.c:836  maybe_parent_dir                 [   0.30334] Also searching C:\Users\filip\source\repos\po1\PP2.PRO.1ID11A.BEDNARZ.BŁACH.BRZOZA\x64\
system   W            wsystem.c:896  _al_win_safe_load_library        [   0.30416] PathFindOnPath failed to find d3dx9_24.dll
d3dx9    E        d3d_d3dx9.cpp:121  _al_load_d3dx9_module            [   0.30432] Failed to load D3DX9 library. Library is not installed.
stdio    D         file_stdio.c:107  file_stdio_fopen                 [   0.30457] opening PixeloidSans-mLxMm.ttf rb
font     E                ttf.c:1023 al_load_ttf_font_stretch         [   0.30477] Unable to open file for reading: PixeloidSans-mLxMm.ttf
stdio    D         file_stdio.c:107  file_stdio_fopen                 [   0.30491] opening PixeloidSans-mLxMm.ttf rb
font     E                ttf.c:1023 al_load_ttf_font_stretch         [   0.30505] Unable to open file for reading: PixeloidSans-mLxMm.ttf
stdio    D         file_stdio.c:107  file_stdio_fopen                 [   0.30517] opening PixeloidSans-mLxMm.ttf rb
font     E                ttf.c:1023 al_load_ttf_font_stretch         [   0.30534] Unable to open file for reading: PixeloidSans-mLxMm.ttf
dtor     D               dtor.c:196  _al_register_destructor          [   0.30561] added dtor for queue 000002792BDCB3D0, func 00007FF903B71C49
stdio    D         file_stdio.c:107  file_stdio_fopen                 [   0.30581] opening CELL.jpg rb
stdio    D         file_stdio.c:107  file_stdio_fopen                 [   0.30600] opening CELL.jpg rb
image    E                jpg.c:381  _al_load_jpg                     [   0.30623] Unable to open CELL.jpg for reading.
bitmap   E          bitmap_io.c:209  al_load_bitmap_flags             [   0.30636] Failed loading bitmap CELL.jpg with .jpg handler.
stdio    D         file_stdio.c:107  file_stdio_fopen                 [   0.30652] opening CELL_REVEALED.jpg rb
stdio    D         file_stdio.c:107  file_stdio_fopen                 [   0.30673] opening CELL_REVEALED.jpg rb
image    E                jpg.c:381  _al_load_jpg                     [   0.30690] Unable to open CELL_REVEALED.jpg for reading.
bitmap   E          bitmap_io.c:209  al_load_bitmap_flags             [   0.30703] Failed loading bitmap CELL_REVEALED.jpg with .jpg handler.
stdio    D         file_stdio.c:107  file_stdio_fopen                 [   0.30715] opening CELL_MINE.jpg rb
stdio    D         file_stdio.c:107  file_stdio_fopen                 [   0.30733] opening CELL_MINE.jpg rb
image    E                jpg.c:381  _al_load_jpg                     [   0.30760] Unable to open CELL_MINE.jpg for reading.
bitmap   E          bitmap_io.c:209  al_load_bitmap_flags             [   0.30774] Failed loading bitmap CELL_MINE.jpg with .jpg handler.
stdio    D         file_stdio.c:107  file_stdio_fopen                 [   0.30787] opening CELL_FLAG.jpg rb
stdio    D         file_stdio.c:107  file_stdio_fopen                 [   0.30803] opening CELL_FLAG.jpg rb
image    E                jpg.c:381  _al_load_jpg                     [   0.30818] Unable to open CELL_FLAG.jpg for reading.
bitmap   E          bitmap_io.c:209  al_load_bitmap_flags             [   0.30831] Failed loading bitmap CELL_FLAG.jpg with .jpg handler.
stdio    D         file_stdio.c:107  file_stdio_fopen                 [   0.30844] opening CELL_VALUE_1.jpg rb
stdio    D         file_stdio.c:107  file_stdio_fopen                 [   0.30859] opening CELL_VALUE_1.jpg rb
image    E                jpg.c:381  _al_load_jpg                     [   0.30878] Unable to open CELL_VALUE_1.jpg for reading.
bitmap   E          bitmap_io.c:209  al_load_bitmap_flags             [   0.30892] Failed loading bitmap CELL_VALUE_1.jpg with .jpg handler.
stdio    D         file_stdio.c:107  file_stdio_fopen                 [   0.30904] opening CELL_VALUE_2.jpg rb
stdio    D         file_stdio.c:107  file_stdio_fopen                 [   0.30919] opening CELL_VALUE_2.jpg rb
image    E                jpg.c:381  _al_load_jpg                     [   0.30936] Unable to open CELL_VALUE_2.jpg for reading.
bitmap   E          bitmap_io.c:209  al_load_bitmap_flags             [   0.30949] Failed loading bitmap CELL_VALUE_2.jpg with .jpg handler.
stdio    D         file_stdio.c:107  file_stdio_fopen                 [   0.30961] opening CELL_VALUE_3.jpg rb
stdio    D         file_stdio.c:107  file_stdio_fopen                 [   0.30978] opening CELL_VALUE_3.jpg rb
image    E                jpg.c:381  _al_load_jpg                     [   0.30996] Unable to open CELL_VALUE_3.jpg for reading.
bitmap   E          bitmap_io.c:209  al_load_bitmap_flags             [   0.31020] Failed loading bitmap CELL_VALUE_3.jpg with .jpg handler.
stdio    D         file_stdio.c:107  file_stdio_fopen                 [   0.31043] opening CELL_VALUE_4.jpg rb
stdio    D         file_stdio.c:107  file_stdio_fopen                 [   0.31063] opening CELL_VALUE_4.jpg rb
image    E                jpg.c:381  _al_load_jpg                     [   0.31081] Unable to open CELL_VALUE_4.jpg for reading.
bitmap   E          bitmap_io.c:209  al_load_bitmap_flags             [   0.31094] Failed loading bitmap CELL_VALUE_4.jpg with .jpg handler.
stdio    D         file_stdio.c:107  file_stdio_fopen                 [   0.31107] opening CELL_VALUE_5.jpg rb
stdio    D         file_stdio.c:107  file_stdio_fopen                 [   0.31128] opening CELL_VALUE_5.jpg rb
image    E                jpg.c:381  _al_load_jpg                     [   0.31147] Unable to open CELL_VALUE_5.jpg for reading.
bitmap   E          bitmap_io.c:209  al_load_bitmap_flags             [   0.31162] Failed loading bitmap CELL_VALUE_5.jpg with .jpg handler.
stdio    D         file_stdio.c:107  file_stdio_fopen                 [   0.31175] opening CELL_VALUE_6.jpg rb
stdio    D         file_stdio.c:107  file_stdio_fopen                 [   0.31193] opening CELL_VALUE_6.jpg rb
image    E                jpg.c:381  _al_load_jpg                     [   0.31210] Unable to open CELL_VALUE_6.jpg for reading.
bitmap   E          bitmap_io.c:209  al_load_bitmap_flags             [   0.31224] Failed loading bitmap CELL_VALUE_6.jpg with .jpg handler.
stdio    D         file_stdio.c:107  file_stdio_fopen                 [   0.31237] opening CELL_VALUE_7.jpg rb
stdio    D         file_stdio.c:107  file_stdio_fopen                 [   0.31253] opening CELL_VALUE_7.jpg rb
image    E                jpg.c:381  _al_load_jpg                     [   0.31272] Unable to open CELL_VALUE_7.jpg for reading.
bitmap   E          bitmap_io.c:209  al_load_bitmap_flags             [   0.31285] Failed loading bitmap CELL_VALUE_7.jpg with .jpg handler.
stdio    D         file_stdio.c:107  file_stdio_fopen                 [   0.31299] opening CELL_VALUE_8.jpg rb
stdio    D         file_stdio.c:107  file_stdio_fopen                 [   0.31351] opening CELL_VALUE_8.jpg rb
image    E                jpg.c:381  _al_load_jpg                     [   0.31369] Unable to open CELL_VALUE_8.jpg for reading.
bitmap   E          bitmap_io.c:209  al_load_bitmap_flags             [   0.31382] Failed loading bitmap CELL_VALUE_8.jpg with .jpg handler.
stdio    D         file_stdio.c:107  file_stdio_fopen                 [   0.31405] opening win.wav rb
stdio    D         file_stdio.c:107  file_stdio_fopen                 [   0.31424] opening win.wav rb
wav      E                wav.c:310  _al_load_wav                     [   0.31443] Unable to open win.wav for reading.
stdio    D         file_stdio.c:107  file_stdio_fopen                 [   0.31457] opening explosion.wav rb
stdio    D         file_stdio.c:107  file_stdio_fopen                 [   0.31474] opening explosion.wav rb
wav      E                wav.c:310  _al_load_wav                     [   0.31490] Unable to open explosion.wav for reading.
stdio    D         file_stdio.c:107  file_stdio_fopen                 [   0.31503] opening click.wav rb
stdio    D         file_stdio.c:107  file_stdio_fopen                 [   0.31520] opening click.wav rb
wav      E                wav.c:310  _al_load_wav                     [   0.31538] Unable to open click.wav for reading.
stdio    D         file_stdio.c:107  file_stdio_fopen                 [   0.31551] opening flag.wav rb
stdio    D         file_stdio.c:107  file_stdio_fopen                 [   0.31566] opening flag.wav rb
wav      E                wav.c:310  _al_load_wav                     [   0.31580] Unable to open flag.wav for reading.
